# JRE version: OpenJDK Runtime Environment Temurin-17.0.7+7 (17.0.7+7) (build 17.0.7+7)
# Java VM: OpenJDK 64-Bit Server VM Temurin-17.0.7+7 (17.0.7+7, mixed mode, tiered, compressed oops, compressed class ptrs, g1 gc, windows-amd64)
GC Precious Log:
 CPUs: 8 total, 8 available
 Memory: 7914M
 Large Page Support: Disabled
 NUMA Support: Disabled
 Compressed Oops: Enabled (32-bit)
 Heap Region Size: 1M
 Heap Min Capacity: 8M
 Heap Initial Capacity: 124M
 Heap Max Capacity: 1980M
 Pre-touch: Disabled
 Parallel Workers: 8
 Concurrent Workers: 2
 Concurrent Refinement Workers: 8
 Periodic GC: Disabled
Heap:
 garbage-first heap   total 200704K, used 64167K [0x0000000084400000, 0x0000000100000000)
  region size 1024K, 9 young (9216K), 3 survivors (3072K)
 Metaspace       used 71408K, committed 72000K, reserved 1114112K
  class space    used 8397K, committed 8640K, reserved 1048576K
GC Heap History (20 events):
Event: 811.151 GC heap before
{Heap before GC invocations=59 (full 0):
 garbage-first heap   total 200704K, used 130670K [0x0000000084400000, 0x0000000100000000)
  region size 1024K, 72 young (73728K), 1 survivors (1024K)
 Metaspace       used 69215K, committed 69760K, reserved 1114112K
  class space    used 8290K, committed 8576K, reserved 1048576K
}
Event: 811.154 GC heap after
{Heap after GC invocations=60 (full 0):
 garbage-first heap   total 200704K, used 60008K [0x0000000084400000, 0x0000000100000000)
  region size 1024K, 2 young (2048K), 2 survivors (2048K)
 Metaspace       used 69215K, committed 69760K, reserved 1114112K
  class space    used 8290K, committed 8576K, reserved 1048576K
}
Event: 882.842 GC heap before
{Heap before GC invocations=61 (full 0):
 garbage-first heap   total 200704K, used 174696K [0x0000000084400000, 0x0000000100000000)
  region size 1024K, 109 young (111616K), 2 survivors (2048K)
 Metaspace       used 69346K, committed 69888K, reserved 1114112K
  class space    used 8291K, committed 8576K, reserved 1048576K
}
Event: 882.847 GC heap after
{Heap after GC invocations=62 (full 0):
 garbage-first heap   total 200704K, used 66032K [0x0000000084400000, 0x0000000100000000)
  region size 1024K, 3 young (3072K), 3 survivors (3072K)
 Metaspace       used 69346K, committed 69888K, reserved 1114112K
  class space    used 8291K, committed 8576K, reserved 1048576K
}
Event: 1090.755 GC heap before
{Heap before GC invocations=62 (full 0):
 garbage-first heap   total 200704K, used 71152K [0x0000000084400000, 0x0000000100000000)
  region size 1024K, 9 young (9216K), 3 survivors (3072K)
 Metaspace       used 69462K, committed 70016K, reserved 1114112K
  class space    used 8301K, committed 8576K, reserved 1048576K
}
Event: 1090.757 GC heap after
{Heap after GC invocations=63 (full 0):
 garbage-first heap   total 200704K, used 57016K [0x0000000084400000, 0x0000000100000000)
  region size 1024K, 1 young (1024K), 1 survivors (1024K)
 Metaspace       used 69462K, committed 70016K, reserved 1114112K
  class space    used 8301K, committed 8576K, reserved 1048576K
}
Event: 1130.464 GC heap before
{Heap before GC invocations=63 (full 0):
 garbage-first heap   total 200704K, used 81592K [0x0000000084400000, 0x0000000100000000)
  region size 1024K, 26 young (26624K), 1 survivors (1024K)
 Metaspace       used 69536K, committed 70080K, reserved 1114112K
  class space    used 8302K, committed 8576K, reserved 1048576K
}
Event: 1130.465 GC heap after
{Heap after GC invocations=64 (full 0):
 garbage-first heap   total 200704K, used 58117K [0x0000000084400000, 0x0000000100000000)
  region size 1024K, 2 young (2048K), 2 survivors (2048K)
 Metaspace       used 69536K, committed 70080K, reserved 1114112K
  class space    used 8302K, committed 8576K, reserved 1048576K
}
Event: 1359.138 GC heap before
{Heap before GC invocations=65 (full 0):
 garbage-first heap   total 200704K, used 193285K [0x0000000084400000, 0x0000000100000000)
  region size 1024K, 107 young (109568K), 2 survivors (2048K)
 Metaspace       used 70087K, committed 70656K, reserved 1114112K
  class space    used 8326K, committed 8576K, reserved 1048576K
}
Event: 1359.141 GC heap after
{Heap after GC invocations=66 (full 0):
 garbage-first heap   total 200704K, used 87354K [0x0000000084400000, 0x0000000100000000)
  region size 1024K, 2 young (2048K), 2 survivors (2048K)
 Metaspace       used 70087K, committed 70656K, reserved 1114112K
  class space    used 8326K, committed 8576K, reserved 1048576K
}
Event: 1399.459 GC heap before
{Heap before GC invocations=66 (full 0):
 garbage-first heap   total 200704K, used 93498K [0x0000000084400000, 0x0000000100000000)
  region size 1024K, 9 young (9216K), 2 survivors (2048K)
 Metaspace       used 70113K, committed 70656K, reserved 1114112K
  class space    used 8326K, committed 8576K, reserved 1048576K
}
Event: 1399.460 GC heap after
{Heap after GC invocations=67 (full 0):
 garbage-first heap   total 200704K, used 56982K [0x0000000084400000, 0x0000000100000000)
  region size 1024K, 1 young (1024K), 1 survivors (1024K)
 Metaspace       used 70113K, committed 70656K, reserved 1114112K
  class space    used 8326K, committed 8576K, reserved 1048576K
}
Event: 1537.528 GC heap before
{Heap before GC invocations=67 (full 0):
 garbage-first heap   total 200704K, used 105110K [0x0000000084400000, 0x0000000100000000)
  region size 1024K, 49 young (50176K), 1 survivors (1024K)
 Metaspace       used 70300K, committed 70784K, reserved 1114112K
  class space    used 8327K, committed 8576K, reserved 1048576K
}
Event: 1537.532 GC heap after
{Heap after GC invocations=68 (full 0):
 garbage-first heap   total 200704K, used 57638K [0x0000000084400000, 0x0000000100000000)
  region size 1024K, 2 young (2048K), 2 survivors (2048K)
 Metaspace       used 70300K, committed 70784K, reserved 1114112K
  class space    used 8327K, committed 8576K, reserved 1048576K
}
Event: 1809.122 GC heap before
{Heap before GC invocations=69 (full 0):
 garbage-first heap   total 200704K, used 192806K [0x0000000084400000, 0x0000000100000000)
  region size 1024K, 108 young (110592K), 2 survivors (2048K)
 Metaspace       used 70758K, committed 71296K, reserved 1114112K
  class space    used 8359K, committed 8640K, reserved 1048576K
}
Event: 1809.125 GC heap after
{Heap after GC invocations=70 (full 0):
 garbage-first heap   total 200704K, used 87792K [0x0000000084400000, 0x0000000100000000)
  region size 1024K, 3 young (3072K), 3 survivors (3072K)
 Metaspace       used 70758K, committed 71296K, reserved 1114112K
  class space    used 8359K, committed 8640K, reserved 1048576K
}
Event: 1825.603 GC heap before
{Heap before GC invocations=70 (full 0):
 garbage-first heap   total 200704K, used 92912K [0x0000000084400000, 0x0000000100000000)
  region size 1024K, 9 young (9216K), 3 survivors (3072K)
 Metaspace       used 70808K, committed 71296K, reserved 1114112K
  class space    used 8363K, committed 8640K, reserved 1048576K
}
Event: 1825.606 GC heap after
{Heap after GC invocations=71 (full 0):
 garbage-first heap   total 200704K, used 57318K [0x0000000084400000, 0x0000000100000000)
  region size 1024K, 1 young (1024K), 1 survivors (1024K)
 Metaspace       used 70808K, committed 71296K, reserved 1114112K
  class space    used 8363K, committed 8640K, reserved 1048576K
}
Event: 1926.163 GC heap before
{Heap before GC invocations=71 (full 0):
 garbage-first heap   total 200704K, used 170982K [0x0000000084400000, 0x0000000100000000)
  region size 1024K, 112 young (114688K), 1 survivors (1024K)
 Metaspace       used 71431K, committed 71936K, reserved 1114112K
  class space    used 8405K, committed 8640K, reserved 1048576K
}
Event: 1926.167 GC heap after
{Heap after GC invocations=72 (full 0):
 garbage-first heap   total 200704K, used 59047K [0x0000000084400000, 0x0000000100000000)
  region size 1024K, 3 young (3072K), 3 survivors (3072K)
 Metaspace       used 71431K, committed 71936K, reserved 1114112K
  class space    used 8405K, committed 8640K, reserved 1048576K
}

